JvmtiExport can_access_local_variables 0
JvmtiExport can_hotswap_or_post_breakpoint 0
JvmtiExport can_post_on_exceptions 0
# 106 ciObject found
ciMethod java/lang/Object equals (Ljava/lang/Object;)Z 2049 1 23124 0 -1
ciMethod java/util/Arrays equals ([Ljava/lang/Object;[Ljava/lang/Object;)Z 3065 10529 5572 0 -1
ciMethodData java/util/Arrays equals ([Ljava/lang/Object;[Ljava/lang/Object;)Z 2 8223 orig 264 8 206 142 118 0 0 0 0 216 29 229 21 0 0 0 0 176 2 0 0 96 0 0 0 0 0 0 0 0 0 0 0 0 0 0 0 0 0 0 0 0 0 0 0 0 0 0 0 0 0 0 0 0 0 0 0 0 0 0 0 0 0 0 0 0 0 0 0 0 0 0 0 0 0 0 0 0 0 0 0 77 68 79 32 101 120 116 114 97 32 100 97 116 97 32 108 111 99 107 0 0 0 0 0 0 0 0 0 0 0 0 0 0 0 0 0 0 0 0 0 0 0 0 0 0 0 0 0 0 0 0 0 0 0 0 0 0 0 0 0 0 0 0 0 0 0 0 0 0 0 0 0 0 0 0 0 0 0 0 0 0 0 0 0 0 0 0 0 0 0 0 0 0 0 0 0 0 0 0 0 0 0 0 0 0 0 0 0 0 0 0 0 0 0 0 0 0 0 0 0 0 0 0 0 0 0 0 0 0 0 0 0 0 0 0 0 36 5 0 0 201 162 0 0 217 215 0 0 0 0 0 0 0 0 0 0 2 0 0 0 1 0 23 0 2 0 0 0 96 1 0 0 255 255 255 255 7 0 2 0 0 0 0 0 data 44 0x20007 0x11de 0x20 0x27b 0x80007 0x0 0x40 0x11de 0xc0007 0x11de 0x20 0x0 0x170007 0x11cd 0x20 0x11 0x200007 0xf99 0xe0 0x1d2f 0x2f0007 0x1d2f 0x58 0x0 0x340007 0x0 0x88 0x0 0x370003 0x0 0x68 0x3e0005 0x5b8 0x266a8b0 0x1702 0x1a889d60 0x75 0x410007 0x1afb 0x20 0x234 0x490003 0x1afb 0xffffffffffffff38 oops 2 33 java/lang/Class 35 java/lang/invoke/LambdaForm$Name
instanceKlass org/gradle/api/plugins/internal/DefaultJavaPluginExtension
instanceKlass org/gradle/api/plugins/JavaPluginExtension
instanceKlass org/gradle/api/internal/tasks/DefaultSourceSetContainer$1
instanceKlass org/gradle/api/tasks/SourceSetContainer
instanceKlass org/gradle/api/java/archives/Manifest
instanceKlass org/gradle/api/reporting/ReportingExtension
instanceKlass org/gradle/api/plugins/ReportingBasePlugin
instanceKlass org/gradle/api/plugins/BasePlugin$4
instanceKlass org/gradle/api/plugins/BasePlugin$3$1
instanceKlass org/gradle/api/internal/ExecuteDomainObjectCollectionCallbackBuildOperationType$1
instanceKlass org/gradle/api/internal/ExecuteDomainObjectCollectionCallbackBuildOperationType$Result
instanceKlass org/gradle/api/internal/ExecuteDomainObjectCollectionCallbackBuildOperationType
instanceKlass org/gradle/api/internal/DefaultCollectionCallbackActionDecorator$BuildOperationEmittingAction$1$1
instanceKlass org/gradle/api/internal/DefaultCollectionCallbackActionDecorator$OperationDetails
instanceKlass org/gradle/api/internal/ExecuteDomainObjectCollectionCallbackBuildOperationType$Details
instanceKlass org/gradle/api/internal/DefaultCollectionCallbackActionDecorator$Operation
instanceKlass org/gradle/api/plugins/BasePlugin$3
instanceKlass org/gradle/api/internal/plugins/DefaultArtifactPublicationSet
instanceKlass org/gradle/api/internal/collections/CollectionFilter$1
instanceKlass org/gradle/api/plugins/BasePlugin$1
instanceKlass org/gradle/api/internal/tasks/DefaultRealizableTaskCollection
instanceKlass org/gradle/api/internal/artifacts/ivyservice/projectmodule/ProjectPublication
instanceKlass org/gradle/api/plugins/BasePlugin$2
instanceKlass org/gradle/api/internal/artifacts/ivyservice/resolveengine/artifact/ResolvedArtifactSet$LocalArtifactVisitor
instanceKlass org/gradle/api/internal/artifacts/transform/DefaultTransformationNodeRegistry
instanceKlass org/gradle/internal/service/scopes/ProjectScopeServices$3
instanceKlass org/gradle/internal/service/scopes/DefaultProjectFinder
instanceKlass org/gradle/internal/execution/steps/CancelExecutionStep
instanceKlass org/gradle/internal/execution/IncrementalChangesContext
instanceKlass org/gradle/internal/execution/CachingContext
instanceKlass org/gradle/caching/internal/CacheableEntity
instanceKlass org/gradle/internal/execution/steps/CacheStep
instanceKlass org/gradle/internal/execution/steps/RecordOutputsStep
instanceKlass org/gradle/internal/execution/steps/legacy/MarkSnapshottingInputsFinishedStep
instanceKlass org/gradle/internal/execution/caching/CachingState$1
instanceKlass org/gradle/internal/execution/caching/CachingState
instanceKlass org/gradle/internal/execution/caching/CachingStateBuilder
instanceKlass org/gradle/internal/execution/steps/ResolveCachingStateStep
instanceKlass java/lang/invoke/LambdaForm$BMH
instanceKlass java/lang/invoke/LambdaForm$BMH
instanceKlass java/lang/invoke/LambdaForm$DMH
instanceKlass java/lang/invoke/LambdaForm$BMH
instanceKlass java/lang/invoke/LambdaForm$DMH
instanceKlass java/lang/invoke/LambdaForm$BMH
instanceKlass java/lang/invoke/LambdaForm$DMH
instanceKlass java/lang/invoke/LambdaForm$BMH
instanceKlass java/lang/invoke/LambdaForm$BMH
instanceKlass java/lang/invoke/LambdaForm$BMH
instanceKlass java/lang/invoke/LambdaForm$BMH
instanceKlass java/lang/invoke/LambdaForm$BMH
instanceKlass java/lang/invoke/LambdaForm$BMH
instanceKlass java/lang/invoke/LambdaForm$BMH
instanceKlass java/lang/invoke/LambdaForm$BMH
instanceKlass java/lang/invoke/LambdaForm$MH
instanceKlass java/lang/invoke/LambdaForm$MH
instanceKlass java/lang/invoke/LambdaForm$MH
instanceKlass java/lang/invoke/LambdaForm$DMH
instanceKlass java/lang/invoke/LambdaForm$BMH
instanceKlass java/lang/invoke/LambdaForm$BMH
instanceKlass java/lang/invoke/LambdaForm$DMH
instanceKlass org/gradle/internal/execution/history/impl/DefaultOutputFilesRepository
instanceKlass org/gradle/caching/internal/controller/BuildCacheStoreCommand
instanceKlass org/gradle/caching/internal/controller/BuildCacheLoadCommand
instanceKlass org/gradle/caching/internal/services/BuildCacheServices$$Lambda$142
instanceKlass org/gradle/caching/internal/origin/OriginMetadataFactory$HostnameLookup
instanceKlass org/gradle/caching/internal/services/BuildCacheServices$$Lambda$141
instanceKlass org/gradle/caching/internal/origin/OriginMetadataFactory$PropertiesConfigurator
instanceKlass org/gradle/caching/internal/origin/OriginReader
instanceKlass org/gradle/caching/internal/origin/OriginWriter
instanceKlass org/apache/commons/compress/archivers/ArchiveEntry
instanceKlass org/gradle/caching/internal/packaging/impl/TarBuildCacheEntryPacker
instanceKlass org/gradle/caching/internal/packaging/impl/GZipBuildCacheEntryPacker
instanceKlass org/gradle/api/internal/plugins/AbstractRule
instanceKlass org/gradle/language/base/plugins/LifecycleBasePlugin$6
instanceKlass org/gradle/language/base/plugins/LifecycleBasePlugin$5
instanceKlass org/gradle/language/base/plugins/LifecycleBasePlugin$4
instanceKlass org/gradle/language/base/internal/plugins/CleanRule
instanceKlass org/gradle/language/base/plugins/LifecycleBasePlugin$3
instanceKlass org/gradle/language/base/plugins/LifecycleBasePlugin$2
instanceKlass org/gradle/internal/cleanup/DefaultBuildOutputCleanupRegistry
instanceKlass org/gradle/language/base/plugins/LifecycleBasePlugin$1
instanceKlass org/gradle/language/base/plugins/LifecycleBasePlugin
instanceKlass org/gradle/api/plugins/BasePluginConvention
instanceKlass org/gradle/api/plugins/BasePlugin
instanceKlass org/gradle/api/reporting/Reporting
instanceKlass org/gradle/api/tasks/VerificationTask
instanceKlass org/gradle/api/file/SourceDirectorySet
instanceKlass org/gradle/api/tasks/SourceSet
instanceKlass org/gradle/api/plugins/JavaPluginConvention
instanceKlass org/gradle/api/plugins/JavaBasePlugin
instanceKlass org/gradle/configuration/internal/DefaultListenerBuildOperationDecorator$BuildOperationEmittingAction
instanceKlass com/android/build/gradle/internal/utils/GradlePluginUtils$enforceMinimumVersionsOfPlugins$1
instanceKlass com/android/build/gradle/internal/utils/DependencyInfo
instanceKlass com/android/build/gradle/internal/utils/GradlePluginUtils
instanceKlass android/databinding/tool/writer/JavaFileWriter
instanceKlass com/android/build/gradle/internal/SdkComponents$stripExecutableFinderProvider$1
instanceKlass com/android/build/gradle/internal/SdkComponents$ndkFolderProvider$1
instanceKlass com/android/build/gradle/internal/SdkComponents$supportBlasLibFolderProvider$1
instanceKlass com/android/build/gradle/internal/SdkComponents$supportNativeLibFolderProvider$1
instanceKlass com/android/build/gradle/internal/SdkComponents$renderScriptSupportJarProvider$1
instanceKlass com/android/build/gradle/internal/SdkComponents$targetBootClasspathProvider$1
instanceKlass com/android/build/gradle/internal/SdkComponents$targetAndroidVersionProvider$1
instanceKlass com/android/build/gradle/internal/SdkComponents$optionalLibrariesProvider$1
instanceKlass com/android/build/gradle/internal/SdkComponents$additionalLibrariesProvider$1
instanceKlass com/android/build/gradle/internal/SdkComponents$aidlFrameworkProvider$1
instanceKlass com/android/build/gradle/internal/SdkComponents$annotationsJarProvider$1
instanceKlass com/android/build/gradle/internal/SdkComponents$androidJarProvider$1
instanceKlass com/android/build/gradle/internal/SdkComponents$splitSelectExecutableProvider$1
instanceKlass com/android/build/gradle/internal/SdkComponents$coreLambdaStubsProvider$1
instanceKlass com/android/build/gradle/internal/SdkComponents$adbExecutableProvider$1
instanceKlass com/android/build/gradle/internal/SdkComponents$aidlExecutableProvider$1
instanceKlass com/android/build/gradle/internal/SdkComponents$buildToolsRevisionProvider$1
instanceKlass com/android/build/gradle/internal/SdkComponents$buildToolInfoProvider$1
instanceKlass com/android/build/gradle/internal/SdkComponents$sdkSetupCorrectly$1
instanceKlass com/android/build/gradle/internal/SdkComponents$Companion$createSdkComponents$ndkHandlerSupplier$1
instanceKlass com/android/build/gradle/internal/SdkLoadingStrategy
instanceKlass com/android/build/gradle/internal/SdkComponents$Companion$createSdkComponents$directLoadingStrategy$2
instanceKlass com/android/build/gradle/internal/SdkComponents$Companion$createSdkComponents$directLoadingStrategy$1
instanceKlass com/android/build/gradle/internal/SdkDirectLoadingStrategy$Companion
instanceKlass com/android/build/gradle/internal/SdkDirectLoadingStrategy
instanceKlass com/android/build/gradle/internal/SdkComponents$Companion$createSdkComponents$fullScanLoadingStrategy$2
instanceKlass com/android/build/gradle/internal/SdkComponents$Companion$createSdkComponents$fullScanLoadingStrategy$1
instanceKlass com/android/build/gradle/internal/SdkFullLoadingStrategy
instanceKlass com/google/common/base/Suppliers$MemoizingSupplier
instanceKlass com/google/common/base/Suppliers$NonSerializableMemoizingSupplier
instanceKlass com/android/build/gradle/internal/SdkComponents$Companion$createSdkComponents$sdkHandlerSupplier$1
instanceKlass com/android/build/gradle/internal/SystemPropertiesFactory
instanceKlass com/android/build/gradle/internal/EnvironmentVariablesPropertiesFactory
instanceKlass kotlin/io/CloseableKt
instanceKlass com/android/build/gradle/internal/GradleLocalPropertiesFactory
instanceKlass com/android/build/gradle/internal/SdkLocationSourceSet
instanceKlass com/android/build/gradle/internal/plugins/BasePlugin$$Lambda$140
instanceKlass com/android/build/gradle/internal/SdkComponents$Companion
instanceKlass com/android/build/gradle/internal/SdkComponents
instanceKlass com/android/ide/common/blame/Message
instanceKlass com/android/ide/common/blame/SourceFilePosition
instanceKlass com/android/ide/common/blame/SourcePosition
instanceKlass com/google/gson/internal/bind/TypeAdapters$31
instanceKlass com/google/gson/InstanceCreator
instanceKlass com/google/gson/JsonDeserializer
instanceKlass com/google/gson/JsonSerializer
instanceKlass com/android/ide/common/blame/SourceFile
instanceKlass com/android/ide/common/blame/Message$Kind$Companion
instanceKlass com/google/common/collect/ForwardingObject
instanceKlass com/android/build/gradle/internal/errors/MessageReceiverImpl
instanceKlass kotlin/collections/EmptySet
instanceKlass kotlin/jvm/internal/markers/KMappedMarker
instanceKlass com/android/build/gradle/internal/errors/DeprecationReporterImpl$Companion
instanceKlass com/android/build/gradle/internal/errors/DeprecationReporterImpl
instanceKlass com/android/build/gradle/options/SyncOptions
instanceKlass com/google/common/collect/Platform
instanceKlass com/google/common/collect/Multiset
instanceKlass com/google/common/collect/AbstractMultimap
instanceKlass com/android/builder/model/Dependencies
instanceKlass com/android/builder/model/level2/DependencyGraphs
instanceKlass com/android/build/gradle/internal/errors/DeprecationReporter
instanceKlass com/google/common/collect/ListMultimap
instanceKlass com/google/common/collect/Multimap
instanceKlass com/google/wireless/android/sdk/stats/GradleTaskExecutionOrBuilder
instanceKlass com/google/wireless/android/sdk/stats/GradleTransformExecutionOrBuilder
instanceKlass com/android/build/gradle/internal/plugins/BasePlugin$$Lambda$139
instanceKlass com/android/builder/profile/Recorder$VoidBlock
instanceKlass java/lang/invoke/LambdaForm$DMH
instanceKlass com/google/wireless/android/sdk/stats/GradleBuildProfileSpan$ExecutionType$1
instanceKlass com/android/tools/build/gradle/internal/profile/StringOption$1
instanceKlass com/android/tools/build/gradle/internal/profile/IntegerOption$1
instanceKlass com/android/build/gradle/internal/profile/AnalyticsUtil$$Lambda$138
instanceKlass com/android/build/gradle/internal/profile/AnalyticsUtil$$Lambda$137
instanceKlass com/android/tools/build/gradle/internal/profile/BooleanOption$1
instanceKlass com/android/build/gradle/internal/profile/AnalyticsUtil$$Lambda$136
instanceKlass com/google/wireless/android/sdk/stats/GradleIntegerOptionEntryOrBuilder
instanceKlass com/android/build/gradle/internal/profile/AnalyticsUtil
instanceKlass com/google/wireless/android/sdk/stats/GradleBuildProject$PluginGeneration$1
instanceKlass com/google/wireless/android/sdk/stats/GradleBuildProject$PluginType$1
instanceKlass com/google/wireless/android/sdk/stats/GradleBuildVariantOrBuilder
instanceKlass com/google/wireless/android/sdk/stats/GradleBuildProject$1
instanceKlass com/google/wireless/android/sdk/stats/GradleBuildProjectMetricsOrBuilder
instanceKlass com/google/wireless/android/sdk/stats/GradleProjectOptionsSettingsOrBuilder
instanceKlass com/google/wireless/android/sdk/stats/GradleBuildSplitsOrBuilder
instanceKlass com/google/protobuf/Internal$ListAdapter$Converter
instanceKlass com/google/common/collect/Maps$EntryTransformer
instanceKlass com/google/common/base/Converter
instanceKlass com/google/common/collect/SortedMapDifference
